d:\thesis\chu_viet_tay\code\thesis\thesis\x64\release\vc140.pdb
d:\thesis\chu_viet_tay\code\thesis\thesis\x64\release\.netframework,version=v4.5.2.assemblyattributes.obj
d:\thesis\chu_viet_tay\code\thesis\thesis\x64\release\.netframework,version=v4.5.2.assemblyattributes.asm
d:\thesis\chu_viet_tay\code\thesis\thesis\x64\release\y_element.obj
d:\thesis\chu_viet_tay\code\thesis\thesis\x64\release\x_element.obj
d:\thesis\chu_viet_tay\code\thesis\thesis\x64\release\word_element.obj
d:\thesis\chu_viet_tay\code\thesis\thesis\x64\release\upperword.obj
d:\thesis\chu_viet_tay\code\thesis\thesis\x64\release\shortestpath.obj
d:\thesis\chu_viet_tay\code\thesis\thesis\x64\release\projectionprofiles.obj
d:\thesis\chu_viet_tay\code\thesis\thesis\x64\release\preprocess.obj
d:\thesis\chu_viet_tay\code\thesis\thesis\x64\release\obstructing.obj
d:\thesis\chu_viet_tay\code\thesis\thesis\x64\release\normalization.obj
d:\thesis\chu_viet_tay\code\thesis\thesis\x64\release\matmodifies.obj
d:\thesis\chu_viet_tay\code\thesis\thesis\x64\release\lowerword.obj
d:\thesis\chu_viet_tay\code\thesis\thesis\x64\release\frmmain.obj
d:\thesis\chu_viet_tay\code\thesis\thesis\x64\release\extent.obj
d:\thesis\chu_viet_tay\code\thesis\thesis\x64\release\equations.obj
d:\thesis\chu_viet_tay\code\thesis\thesis\x64\release\element.obj
d:\thesis\chu_viet_tay\code\thesis\thesis\x64\release\dynamictimewarping.obj
d:\thesis\chu_viet_tay\code\thesis\thesis\x64\release\drawdecision.obj
d:\thesis\chu_viet_tay\code\thesis\thesis\x64\release\segmentation.obj
d:\thesis\chu_viet_tay\code\thesis\x64\release\thesis.exe
d:\thesis\chu_viet_tay\code\thesis\x64\release\thesis.pdb
d:\thesis\chu_viet_tay\code\thesis\thesis\x64\release\thesis.frmmain.resources
d:\thesis\chu_viet_tay\code\thesis\thesis\x64\release\thesis.vcxproj.generateresource.cache
d:\thesis\chu_viet_tay\code\thesis\thesis\x64\release\thesis.vcxprojresolveassemblyreference.cache
d:\thesis\chu_viet_tay\code\thesis\thesis\x64\release\thesis.tlog\cl.command.1.tlog
d:\thesis\chu_viet_tay\code\thesis\thesis\x64\release\thesis.tlog\cl.read.1.tlog
d:\thesis\chu_viet_tay\code\thesis\thesis\x64\release\thesis.tlog\cl.write.1.tlog
d:\thesis\chu_viet_tay\code\thesis\thesis\x64\release\thesis.tlog\link.command.1.tlog
d:\thesis\chu_viet_tay\code\thesis\thesis\x64\release\thesis.tlog\link.read.1.tlog
d:\thesis\chu_viet_tay\code\thesis\thesis\x64\release\thesis.tlog\link.write.1.tlog
d:\thesis\chu_viet_tay\code\thesis\thesis\x64\release\thesis.tlog\metagen.read.1.tlog
d:\thesis\chu_viet_tay\code\thesis\thesis\x64\release\thesis.tlog\metagen.write.1.tlog
d:\thesis\chu_viet_tay\code\thesis\thesis\x64\release\thesis.tlog\thesis.write.1u.tlog
