c:\users\thanh\desktop\opencv_threshold\opencv_threshold\x64\release\vc140.pdb
c:\users\thanh\desktop\opencv_threshold\opencv_threshold\x64\release\thresholdagent.obj
c:\users\thanh\desktop\opencv_threshold\opencv_threshold\x64\release\frmmain.obj
c:\users\thanh\desktop\opencv_threshold\opencv_threshold\x64\release\extent.obj
c:\users\thanh\desktop\opencv_threshold\opencv_threshold\x64\release\.netframework,version=v4.5.2.assemblyattributes.obj
c:\users\thanh\desktop\opencv_threshold\opencv_threshold\x64\release\.netframework,version=v4.5.2.assemblyattributes.asm
c:\users\thanh\desktop\opencv_threshold\x64\release\opencv_threshold.exe
c:\users\thanh\desktop\opencv_threshold\x64\release\opencv_threshold.pdb
c:\users\thanh\desktop\opencv_threshold\opencv_threshold\x64\release\opencv_threshold.frmmain.resources
c:\users\thanh\desktop\opencv_threshold\opencv_threshold\x64\release\opencv_threshold.vcxproj.generateresource.cache
c:\users\thanh\desktop\opencv_threshold\opencv_threshold\x64\release\opencv_threshold.vcxprojresolveassemblyreference.cache
c:\users\thanh\desktop\opencv_threshold\opencv_threshold\x64\release\opencv_threshold.tlog\cl.command.1.tlog
c:\users\thanh\desktop\opencv_threshold\opencv_threshold\x64\release\opencv_threshold.tlog\cl.read.1.tlog
c:\users\thanh\desktop\opencv_threshold\opencv_threshold\x64\release\opencv_threshold.tlog\cl.write.1.tlog
c:\users\thanh\desktop\opencv_threshold\opencv_threshold\x64\release\opencv_threshold.tlog\link.command.1.tlog
c:\users\thanh\desktop\opencv_threshold\opencv_threshold\x64\release\opencv_threshold.tlog\link.read.1.tlog
c:\users\thanh\desktop\opencv_threshold\opencv_threshold\x64\release\opencv_threshold.tlog\link.write.1.tlog
c:\users\thanh\desktop\opencv_threshold\opencv_threshold\x64\release\opencv_threshold.tlog\metagen.read.1.tlog
c:\users\thanh\desktop\opencv_threshold\opencv_threshold\x64\release\opencv_threshold.tlog\metagen.write.1.tlog
c:\users\thanh\desktop\opencv_threshold\opencv_threshold\x64\release\opencv_threshold.tlog\opencv_threshold.write.1u.tlog
c:\users\thanh\desktop\opencv_threshold\opencv_threshold\x64\release\opencv_threshold.tlog\tzres.dll.bi
