  DTW.cpp
..\OpenCV_Features\OpenCV_test\DTW.cpp(5): warning C4267: '=': conversion from 'size_t' to 'int', possible loss of data
..\OpenCV_Features\OpenCV_test\DTW.cpp(6): warning C4267: '=': conversion from 'size_t' to 'int', possible loss of data
..\OpenCV_Features\OpenCV_test\DTW.cpp(74): warning C4244: 'argument': conversion from 'int' to 'float', possible loss of data
..\OpenCV_Features\OpenCV_test\DTW.cpp(74): warning C4244: '=': conversion from 'float' to 'int', possible loss of data
..\OpenCV_Features\OpenCV_test\DTW.cpp(87): warning C4244: 'initializing': conversion from 'float' to 'int', possible loss of data
..\OpenCV_Features\OpenCV_test\DTW.cpp(88): warning C4244: 'initializing': conversion from 'float' to 'int', possible loss of data
..\OpenCV_Features\OpenCV_test\DTW.cpp(119): warning C4244: 'argument': conversion from 'float' to 'int', possible loss of data
..\OpenCV_Features\OpenCV_test\DTW.cpp(144): warning C4554: '&': check operator precedence for possible error; use parentheses to clarify precedence
..\OpenCV_Features\OpenCV_test\DTW.cpp(166): warning C4244: 'argument': conversion from 'float' to 'int', possible loss of data
..\OpenCV_Features\OpenCV_test\DTW.cpp(168): warning C4244: 'argument': conversion from 'float' to 'int', possible loss of data
  Equations.cpp
..\OpenCV_Features\OpenCV_test\Equations.cpp(17): warning C4244: 'initializing': conversion from 'int' to 'float', possible loss of data
..\OpenCV_Features\OpenCV_test\Equations.cpp(18): warning C4244: 'initializing': conversion from 'int' to 'float', possible loss of data
..\OpenCV_Features\OpenCV_test\Equations.cpp(19): warning C4244: 'initializing': conversion from 'int' to 'float', possible loss of data
  SIFT.cpp
  Word_lp.cpp
..\OpenCV_Features\OpenCV_test\Word_lp.cpp(22): warning C4244: '=': conversion from 'int' to 'float', possible loss of data
..\OpenCV_Features\OpenCV_test\Word_lp.cpp(75): warning C4554: '&': check operator precedence for possible error; use parentheses to clarify precedence
..\OpenCV_Features\OpenCV_test\Word_lp.cpp(101): warning C4244: 'argument': conversion from 'float' to 'int', possible loss of data
  Word_Up.cpp
..\OpenCV_Features\OpenCV_test\Word_Up.cpp(23): warning C4244: '=': conversion from 'int' to 'float', possible loss of data
..\OpenCV_Features\OpenCV_test\Word_Up.cpp(27): warning C4244: '=': conversion from 'int' to 'float', possible loss of data
..\OpenCV_Features\OpenCV_test\Word_Up.cpp(29): warning C4244: '=': conversion from 'int' to 'float', possible loss of data
..\OpenCV_Features\OpenCV_test\Word_Up.cpp(75): warning C4554: '&': check operator precedence for possible error; use parentheses to clarify precedence
..\OpenCV_Features\OpenCV_test\Word_Up.cpp(101): warning C4244: 'argument': conversion from 'float' to 'int', possible loss of data
  DrawDecision.cpp
DrawDecision.cpp(82): warning C4554: '&': check operator precedence for possible error; use parentheses to clarify precedence
  Element.cpp
  Extent.cpp
  frmMain.cpp
  frmPreprocessing.cpp
  frmSegmentation.cpp
  MatModifies.cpp
d:\thesis\chu_viet_tay\code\opencv_jp\ShortestPath.h(8): warning C4005: 'UP': macro redefinition
  d:\thesis\chu_viet_tay\code\opencv_jp\Obstructing.h(8): note: see previous definition of 'UP'
d:\thesis\chu_viet_tay\code\opencv_jp\ShortestPath.h(9): warning C4005: 'DOWN': macro redefinition
  d:\thesis\chu_viet_tay\code\opencv_jp\Obstructing.h(9): note: see previous definition of 'DOWN'
d:\thesis\chu_viet_tay\code\opencv_jp\ShortestPath.h(18): warning C4091: 'typedef ': ignored on left of 'State' when no variable is declared
d:\thesis\chu_viet_tay\code\opencv_jp\ShortestPath.h(24): warning C4091: 'typedef ': ignored on left of 'Node' when no variable is declared
  Noise.cpp
Noise.cpp(12): warning C4018: '<': signed/unsigned mismatch
Noise.cpp(34): warning C4018: '<': signed/unsigned mismatch
  Obstructing.cpp
Obstructing.cpp(167): warning C4554: '&': check operator precedence for possible error; use parentheses to clarify precedence
Obstructing.cpp(168): warning C4554: '&': check operator precedence for possible error; use parentheses to clarify precedence
Obstructing.cpp(172): warning C4554: '&': check operator precedence for possible error; use parentheses to clarify precedence
Obstructing.cpp(173): warning C4554: '&': check operator precedence for possible error; use parentheses to clarify precedence
  Preprocess.cpp
Preprocess.cpp(54): warning C4018: '<': signed/unsigned mismatch
Preprocess.cpp(55): warning C4018: '<': signed/unsigned mismatch
Preprocess.cpp(59): warning C4018: '<': signed/unsigned mismatch
Preprocess.cpp(63): warning C4244: '=': conversion from 'double' to 'unsigned int', possible loss of data
Preprocess.cpp(66): warning C4244: 'initializing': conversion from 'double' to 'int', possible loss of data
Preprocess.cpp(69): warning C4554: '|': check operator precedence for possible error; use parentheses to clarify precedence
Preprocess.cpp(70): warning C4554: '&': check operator precedence for possible error; use parentheses to clarify precedence
Preprocess.cpp(71): warning C4018: '<': signed/unsigned mismatch
Preprocess.cpp(71): warning C4554: '&': check operator precedence for possible error; use parentheses to clarify precedence
Preprocess.cpp(73): warning C4244: '=': conversion from 'double' to 'int', possible loss of data
Preprocess.cpp(83): warning C4244: 'initializing': conversion from 'double' to 'int', possible loss of data
Preprocess.cpp(89): warning C4554: '&': check operator precedence for possible error; use parentheses to clarify precedence
Preprocess.cpp(100): warning C4018: '<': signed/unsigned mismatch
Preprocess.cpp(112): warning C4018: '<': signed/unsigned mismatch
  Segmentation.cpp
d:\thesis\chu_viet_tay\code\opencv_jp\ShortestPath.h(8): warning C4005: 'UP': macro redefinition
  d:\thesis\chu_viet_tay\code\opencv_jp\Obstructing.h(8): note: see previous definition of 'UP'
d:\thesis\chu_viet_tay\code\opencv_jp\ShortestPath.h(9): warning C4005: 'DOWN': macro redefinition
  d:\thesis\chu_viet_tay\code\opencv_jp\Obstructing.h(9): note: see previous definition of 'DOWN'
d:\thesis\chu_viet_tay\code\opencv_jp\ShortestPath.h(18): warning C4091: 'typedef ': ignored on left of 'State' when no variable is declared
d:\thesis\chu_viet_tay\code\opencv_jp\ShortestPath.h(24): warning C4091: 'typedef ': ignored on left of 'Node' when no variable is declared
Segmentation.cpp(46): warning C4018: '<': signed/unsigned mismatch
Segmentation.cpp(52): warning C4018: '<': signed/unsigned mismatch
Segmentation.cpp(85): warning C4018: '<': signed/unsigned mismatch
Segmentation.cpp(92): warning C4018: '<': signed/unsigned mismatch
Segmentation.cpp(97): warning C4244: 'argument': conversion from 'float' to 'unsigned int', possible loss of data
Segmentation.cpp(99): warning C4244: 'argument': conversion from 'float' to 'int', possible loss of data
Segmentation.cpp(112): warning C4018: '<': signed/unsigned mismatch
Segmentation.cpp(115): warning C4018: '<': signed/unsigned mismatch
Segmentation.cpp(116): warning C4018: '<': signed/unsigned mismatch
Segmentation.cpp(117): warning C4018: '<': signed/unsigned mismatch
Segmentation.cpp(121): warning C4554: '&': check operator precedence for possible error; use parentheses to clarify precedence
Segmentation.cpp(122): warning C4554: '&': check operator precedence for possible error; use parentheses to clarify precedence
Segmentation.cpp(123): warning C4554: '|': check operator precedence for possible error; use parentheses to clarify precedence
Segmentation.cpp(133): warning C4554: '&': check operator precedence for possible error; use parentheses to clarify precedence
Segmentation.cpp(135): warning C4554: '&': check operator precedence for possible error; use parentheses to clarify precedence
Segmentation.cpp(145): warning C4554: '&': check operator precedence for possible error; use parentheses to clarify precedence
Segmentation.cpp(146): warning C4554: '&': check operator precedence for possible error; use parentheses to clarify precedence
Segmentation.cpp(147): warning C4554: '&': check operator precedence for possible error; use parentheses to clarify precedence
Segmentation.cpp(148): warning C4554: '|': check operator precedence for possible error; use parentheses to clarify precedence
Segmentation.cpp(171): warning C4018: '<': signed/unsigned mismatch
Segmentation.cpp(198): warning C4018: '<': signed/unsigned mismatch
Segmentation.cpp(205): warning C4018: '<': signed/unsigned mismatch
Segmentation.cpp(208): warning C4554: '&': check operator precedence for possible error; use parentheses to clarify precedence
Segmentation.cpp(238): warning C4018: '<': signed/unsigned mismatch
Segmentation.cpp(267): warning C4018: '<': signed/unsigned mismatch
Segmentation.cpp(305): warning C4018: '<': signed/unsigned mismatch
Segmentation.cpp(308): warning C4018: '>': signed/unsigned mismatch
Segmentation.cpp(309): warning C4554: '&': check operator precedence for possible error; use parentheses to clarify precedence
Segmentation.cpp(312): warning C4018: '<': signed/unsigned mismatch
Segmentation.cpp(312): warning C4554: '&': check operator precedence for possible error; use parentheses to clarify precedence
Segmentation.cpp(326): warning C4018: '<': signed/unsigned mismatch
Segmentation.cpp(339): warning C4018: '<': signed/unsigned mismatch
Segmentation.cpp(371): warning C4018: '<': signed/unsigned mismatch
Segmentation.cpp(375): warning C4554: '&': check operator precedence for possible error; use parentheses to clarify precedence
  ShortestPath.cpp
d:\thesis\chu_viet_tay\code\opencv_jp\ShortestPath.h(18): warning C4091: 'typedef ': ignored on left of 'State' when no variable is declared
d:\thesis\chu_viet_tay\code\opencv_jp\ShortestPath.h(24): warning C4091: 'typedef ': ignored on left of 'Node' when no variable is declared
ShortestPath.cpp(71): warning C4244: 'return': conversion from 'int' to 'float', possible loss of data
ShortestPath.cpp(76): warning C4267: 'initializing': conversion from 'size_t' to 'int', possible loss of data
ShortestPath.cpp(142): warning C4267: 'initializing': conversion from 'size_t' to 'int', possible loss of data
ShortestPath.cpp(219): warning C4267: 'initializing': conversion from 'size_t' to 'int', possible loss of data
  Generating Code...
d:\thesis\opencv_modify\install\include\opencv2\core\cvstd.hpp(599): warning C4793: 'cv::String::String': function compiled as native:
  	Found an intrinsic not supported in managed code
d:\thesis\opencv_modify\install\include\opencv2\core\mat.inl.hpp(392): warning C4793: 'cv::Mat::Mat': function compiled as native:
  	Found an intrinsic not supported in managed code
d:\thesis\opencv_modify\install\include\opencv2\core\mat.inl.hpp(681): warning C4793: 'cv::Mat::release': function compiled as native:
  	Found an intrinsic not supported in managed code
d:\thesis\opencv_modify\install\include\opencv2\core\mat.inl.hpp(1872): warning C4793: 'cv::SparseMat::addref': function compiled as native:
  	Found an intrinsic not supported in managed code
d:\thesis\opencv_modify\install\include\opencv2\core\mat.inl.hpp(3473): warning C4793: 'cv::UMat::addref': function compiled as native:
  	Found an intrinsic not supported in managed code
d:\thesis\opencv_modify\install\include\opencv2\core\ptr.inl.hpp(67): warning C4793: 'cv::detail::PtrOwner::incRef': function compiled as native:
  	Found an intrinsic not supported in managed code
d:\thesis\opencv_modify\install\include\opencv2\core\ptr.inl.hpp(72): warning C4793: 'cv::detail::PtrOwner::decRef': function compiled as native:
  	Found an intrinsic not supported in managed code
d:\thesis\opencv_modify\install\include\opencv2\core\cvstd.hpp(599): warning C4793: 'cv::String::String': function compiled as native:
  	Found an intrinsic not supported in managed code
d:\thesis\opencv_modify\install\include\opencv2\core\mat.inl.hpp(392): warning C4793: 'cv::Mat::Mat': function compiled as native:
  	Found an intrinsic not supported in managed code
d:\thesis\opencv_modify\install\include\opencv2\core\mat.inl.hpp(681): warning C4793: 'cv::Mat::release': function compiled as native:
  	Found an intrinsic not supported in managed code
d:\thesis\opencv_modify\install\include\opencv2\core\mat.inl.hpp(1872): warning C4793: 'cv::SparseMat::addref': function compiled as native:
  	Found an intrinsic not supported in managed code
d:\thesis\opencv_modify\install\include\opencv2\core\mat.inl.hpp(3473): warning C4793: 'cv::UMat::addref': function compiled as native:
  	Found an intrinsic not supported in managed code
d:\thesis\opencv_modify\install\include\opencv2\core\ptr.inl.hpp(67): warning C4793: 'cv::detail::PtrOwner::incRef': function compiled as native:
  	Found an intrinsic not supported in managed code
d:\thesis\opencv_modify\install\include\opencv2\core\ptr.inl.hpp(72): warning C4793: 'cv::detail::PtrOwner::decRef': function compiled as native:
  	Found an intrinsic not supported in managed code
d:\thesis\opencv_modify\install\include\opencv2\core\cvstd.hpp(599): warning C4793: 'cv::String::String': function compiled as native:
  	Found an intrinsic not supported in managed code
d:\thesis\opencv_modify\install\include\opencv2\core\mat.inl.hpp(392): warning C4793: 'cv::Mat::Mat': function compiled as native:
  	Found an intrinsic not supported in managed code
d:\thesis\opencv_modify\install\include\opencv2\core\mat.inl.hpp(681): warning C4793: 'cv::Mat::release': function compiled as native:
  	Found an intrinsic not supported in managed code
d:\thesis\opencv_modify\install\include\opencv2\core\mat.inl.hpp(1872): warning C4793: 'cv::SparseMat::addref': function compiled as native:
  	Found an intrinsic not supported in managed code
d:\thesis\opencv_modify\install\include\opencv2\core\mat.inl.hpp(3473): warning C4793: 'cv::UMat::addref': function compiled as native:
  	Found an intrinsic not supported in managed code
d:\thesis\opencv_modify\install\include\opencv2\core\ptr.inl.hpp(67): warning C4793: 'cv::detail::PtrOwner::incRef': function compiled as native:
  	Found an intrinsic not supported in managed code
d:\thesis\opencv_modify\install\include\opencv2\core\ptr.inl.hpp(72): warning C4793: 'cv::detail::PtrOwner::decRef': function compiled as native:
  	Found an intrinsic not supported in managed code
d:\thesis\opencv_modify\install\include\opencv2\core\cvstd.hpp(599): warning C4793: 'cv::String::String': function compiled as native:
  	Found an intrinsic not supported in managed code
d:\thesis\opencv_modify\install\include\opencv2\core\mat.inl.hpp(392): warning C4793: 'cv::Mat::Mat': function compiled as native:
  	Found an intrinsic not supported in managed code
d:\thesis\opencv_modify\install\include\opencv2\core\mat.inl.hpp(681): warning C4793: 'cv::Mat::release': function compiled as native:
  	Found an intrinsic not supported in managed code
d:\thesis\opencv_modify\install\include\opencv2\core\mat.inl.hpp(1872): warning C4793: 'cv::SparseMat::addref': function compiled as native:
  	Found an intrinsic not supported in managed code
d:\thesis\opencv_modify\install\include\opencv2\core\mat.inl.hpp(3473): warning C4793: 'cv::UMat::addref': function compiled as native:
  	Found an intrinsic not supported in managed code
d:\thesis\opencv_modify\install\include\opencv2\core\ptr.inl.hpp(67): warning C4793: 'cv::detail::PtrOwner::incRef': function compiled as native:
  	Found an intrinsic not supported in managed code
d:\thesis\opencv_modify\install\include\opencv2\core\ptr.inl.hpp(72): warning C4793: 'cv::detail::PtrOwner::decRef': function compiled as native:
  	Found an intrinsic not supported in managed code
d:\thesis\opencv_modify\install\include\opencv2\core\cvstd.hpp(599): warning C4793: 'cv::String::String': function compiled as native:
  	Found an intrinsic not supported in managed code
d:\thesis\opencv_modify\install\include\opencv2\core\mat.inl.hpp(392): warning C4793: 'cv::Mat::Mat': function compiled as native:
  	Found an intrinsic not supported in managed code
d:\thesis\opencv_modify\install\include\opencv2\core\mat.inl.hpp(681): warning C4793: 'cv::Mat::release': function compiled as native:
  	Found an intrinsic not supported in managed code
d:\thesis\opencv_modify\install\include\opencv2\core\mat.inl.hpp(1872): warning C4793: 'cv::SparseMat::addref': function compiled as native:
  	Found an intrinsic not supported in managed code
d:\thesis\opencv_modify\install\include\opencv2\core\mat.inl.hpp(3473): warning C4793: 'cv::UMat::addref': function compiled as native:
  	Found an intrinsic not supported in managed code
d:\thesis\opencv_modify\install\include\opencv2\core\ptr.inl.hpp(67): warning C4793: 'cv::detail::PtrOwner::incRef': function compiled as native:
  	Found an intrinsic not supported in managed code
d:\thesis\opencv_modify\install\include\opencv2\core\ptr.inl.hpp(72): warning C4793: 'cv::detail::PtrOwner::decRef': function compiled as native:
  	Found an intrinsic not supported in managed code
d:\thesis\opencv_modify\install\include\opencv2\core\cvstd.hpp(599): warning C4793: 'cv::String::String': function compiled as native:
  	Found an intrinsic not supported in managed code
d:\thesis\opencv_modify\install\include\opencv2\core\mat.inl.hpp(392): warning C4793: 'cv::Mat::Mat': function compiled as native:
  	Found an intrinsic not supported in managed code
d:\thesis\opencv_modify\install\include\opencv2\core\mat.inl.hpp(681): warning C4793: 'cv::Mat::release': function compiled as native:
  	Found an intrinsic not supported in managed code
d:\thesis\opencv_modify\install\include\opencv2\core\mat.inl.hpp(1872): warning C4793: 'cv::SparseMat::addref': function compiled as native:
  	Found an intrinsic not supported in managed code
d:\thesis\opencv_modify\install\include\opencv2\core\mat.inl.hpp(3473): warning C4793: 'cv::UMat::addref': function compiled as native:
  	Found an intrinsic not supported in managed code
d:\thesis\opencv_modify\install\include\opencv2\core\ptr.inl.hpp(67): warning C4793: 'cv::detail::PtrOwner::incRef': function compiled as native:
  	Found an intrinsic not supported in managed code
d:\thesis\opencv_modify\install\include\opencv2\core\ptr.inl.hpp(72): warning C4793: 'cv::detail::PtrOwner::decRef': function compiled as native:
  	Found an intrinsic not supported in managed code
d:\thesis\opencv_modify\install\include\opencv2\core\cvstd.hpp(599): warning C4793: 'cv::String::String': function compiled as native:
  	Found an intrinsic not supported in managed code
d:\thesis\opencv_modify\install\include\opencv2\core\mat.inl.hpp(392): warning C4793: 'cv::Mat::Mat': function compiled as native:
  	Found an intrinsic not supported in managed code
d:\thesis\opencv_modify\install\include\opencv2\core\mat.inl.hpp(681): warning C4793: 'cv::Mat::release': function compiled as native:
  	Found an intrinsic not supported in managed code
d:\thesis\opencv_modify\install\include\opencv2\core\mat.inl.hpp(1872): warning C4793: 'cv::SparseMat::addref': function compiled as native:
  	Found an intrinsic not supported in managed code
d:\thesis\opencv_modify\install\include\opencv2\core\mat.inl.hpp(3473): warning C4793: 'cv::UMat::addref': function compiled as native:
  	Found an intrinsic not supported in managed code
d:\thesis\opencv_modify\install\include\opencv2\core\ptr.inl.hpp(67): warning C4793: 'cv::detail::PtrOwner::incRef': function compiled as native:
  	Found an intrinsic not supported in managed code
d:\thesis\opencv_modify\install\include\opencv2\core\ptr.inl.hpp(72): warning C4793: 'cv::detail::PtrOwner::decRef': function compiled as native:
  	Found an intrinsic not supported in managed code
d:\thesis\opencv_modify\install\include\opencv2\core\cvstd.hpp(599): warning C4793: 'cv::String::String': function compiled as native:
  	Found an intrinsic not supported in managed code
d:\thesis\opencv_modify\install\include\opencv2\core\mat.inl.hpp(392): warning C4793: 'cv::Mat::Mat': function compiled as native:
  	Found an intrinsic not supported in managed code
d:\thesis\opencv_modify\install\include\opencv2\core\mat.inl.hpp(1872): warning C4793: 'cv::SparseMat::addref': function compiled as native:
  	Found an intrinsic not supported in managed code
d:\thesis\opencv_modify\install\include\opencv2\core\mat.inl.hpp(3473): warning C4793: 'cv::UMat::addref': function compiled as native:
  	Found an intrinsic not supported in managed code
d:\thesis\opencv_modify\install\include\opencv2\core\ptr.inl.hpp(67): warning C4793: 'cv::detail::PtrOwner::incRef': function compiled as native:
  	Found an intrinsic not supported in managed code
d:\thesis\opencv_modify\install\include\opencv2\core\ptr.inl.hpp(72): warning C4793: 'cv::detail::PtrOwner::decRef': function compiled as native:
  	Found an intrinsic not supported in managed code
d:\thesis\opencv_modify\install\include\opencv2\core\cvstd.hpp(599): warning C4793: 'cv::String::String': function compiled as native:
  	Found an intrinsic not supported in managed code
d:\thesis\opencv_modify\install\include\opencv2\core\mat.inl.hpp(392): warning C4793: 'cv::Mat::Mat': function compiled as native:
  	Found an intrinsic not supported in managed code
d:\thesis\opencv_modify\install\include\opencv2\core\mat.inl.hpp(681): warning C4793: 'cv::Mat::release': function compiled as native:
  	Found an intrinsic not supported in managed code
d:\thesis\opencv_modify\install\include\opencv2\core\mat.inl.hpp(1872): warning C4793: 'cv::SparseMat::addref': function compiled as native:
  	Found an intrinsic not supported in managed code
d:\thesis\opencv_modify\install\include\opencv2\core\mat.inl.hpp(3473): warning C4793: 'cv::UMat::addref': function compiled as native:
  	Found an intrinsic not supported in managed code
d:\thesis\opencv_modify\install\include\opencv2\core\ptr.inl.hpp(67): warning C4793: 'cv::detail::PtrOwner::incRef': function compiled as native:
  	Found an intrinsic not supported in managed code
d:\thesis\opencv_modify\install\include\opencv2\core\ptr.inl.hpp(72): warning C4793: 'cv::detail::PtrOwner::decRef': function compiled as native:
  	Found an intrinsic not supported in managed code
d:\thesis\opencv_modify\install\include\opencv2\core\cvstd.hpp(599): warning C4793: 'cv::String::String': function compiled as native:
  	Found an intrinsic not supported in managed code
d:\thesis\opencv_modify\install\include\opencv2\core\mat.inl.hpp(392): warning C4793: 'cv::Mat::Mat': function compiled as native:
  	Found an intrinsic not supported in managed code
d:\thesis\opencv_modify\install\include\opencv2\core\mat.inl.hpp(1872): warning C4793: 'cv::SparseMat::addref': function compiled as native:
  	Found an intrinsic not supported in managed code
d:\thesis\opencv_modify\install\include\opencv2\core\mat.inl.hpp(3473): warning C4793: 'cv::UMat::addref': function compiled as native:
  	Found an intrinsic not supported in managed code
d:\thesis\opencv_modify\install\include\opencv2\core\ptr.inl.hpp(67): warning C4793: 'cv::detail::PtrOwner::incRef': function compiled as native:
  	Found an intrinsic not supported in managed code
d:\thesis\opencv_modify\install\include\opencv2\core\ptr.inl.hpp(72): warning C4793: 'cv::detail::PtrOwner::decRef': function compiled as native:
  	Found an intrinsic not supported in managed code
d:\thesis\opencv_modify\install\include\opencv2\core\cvstd.hpp(599): warning C4793: 'cv::String::String': function compiled as native:
  	Found an intrinsic not supported in managed code
d:\thesis\opencv_modify\install\include\opencv2\core\mat.inl.hpp(392): warning C4793: 'cv::Mat::Mat': function compiled as native:
  	Found an intrinsic not supported in managed code
d:\thesis\opencv_modify\install\include\opencv2\core\mat.inl.hpp(681): warning C4793: 'cv::Mat::release': function compiled as native:
  	Found an intrinsic not supported in managed code
d:\thesis\opencv_modify\install\include\opencv2\core\mat.inl.hpp(1872): warning C4793: 'cv::SparseMat::addref': function compiled as native:
  	Found an intrinsic not supported in managed code
d:\thesis\opencv_modify\install\include\opencv2\core\mat.inl.hpp(3473): warning C4793: 'cv::UMat::addref': function compiled as native:
  	Found an intrinsic not supported in managed code
d:\thesis\opencv_modify\install\include\opencv2\core\ptr.inl.hpp(67): warning C4793: 'cv::detail::PtrOwner::incRef': function compiled as native:
  	Found an intrinsic not supported in managed code
d:\thesis\opencv_modify\install\include\opencv2\core\ptr.inl.hpp(72): warning C4793: 'cv::detail::PtrOwner::decRef': function compiled as native:
  	Found an intrinsic not supported in managed code
d:\thesis\opencv_modify\install\include\opencv2\core\cvstd.hpp(599): warning C4793: 'cv::String::String': function compiled as native:
  	Found an intrinsic not supported in managed code
d:\thesis\opencv_modify\install\include\opencv2\core\mat.inl.hpp(392): warning C4793: 'cv::Mat::Mat': function compiled as native:
  	Found an intrinsic not supported in managed code
d:\thesis\opencv_modify\install\include\opencv2\core\mat.inl.hpp(681): warning C4793: 'cv::Mat::release': function compiled as native:
  	Found an intrinsic not supported in managed code
d:\thesis\opencv_modify\install\include\opencv2\core\mat.inl.hpp(1872): warning C4793: 'cv::SparseMat::addref': function compiled as native:
  	Found an intrinsic not supported in managed code
d:\thesis\opencv_modify\install\include\opencv2\core\mat.inl.hpp(3473): warning C4793: 'cv::UMat::addref': function compiled as native:
  	Found an intrinsic not supported in managed code
d:\thesis\opencv_modify\install\include\opencv2\core\ptr.inl.hpp(67): warning C4793: 'cv::detail::PtrOwner::incRef': function compiled as native:
  	Found an intrinsic not supported in managed code
d:\thesis\opencv_modify\install\include\opencv2\core\ptr.inl.hpp(72): warning C4793: 'cv::detail::PtrOwner::decRef': function compiled as native:
  	Found an intrinsic not supported in managed code
d:\thesis\opencv_modify\install\include\opencv2\core\cvstd.hpp(599): warning C4793: 'cv::String::String': function compiled as native:
  	Found an intrinsic not supported in managed code
d:\thesis\opencv_modify\install\include\opencv2\core\mat.inl.hpp(392): warning C4793: 'cv::Mat::Mat': function compiled as native:
  	Found an intrinsic not supported in managed code
d:\thesis\opencv_modify\install\include\opencv2\core\mat.inl.hpp(681): warning C4793: 'cv::Mat::release': function compiled as native:
  	Found an intrinsic not supported in managed code
d:\thesis\opencv_modify\install\include\opencv2\core\mat.inl.hpp(1872): warning C4793: 'cv::SparseMat::addref': function compiled as native:
  	Found an intrinsic not supported in managed code
d:\thesis\opencv_modify\install\include\opencv2\core\mat.inl.hpp(3473): warning C4793: 'cv::UMat::addref': function compiled as native:
  	Found an intrinsic not supported in managed code
d:\thesis\opencv_modify\install\include\opencv2\core\ptr.inl.hpp(67): warning C4793: 'cv::detail::PtrOwner::incRef': function compiled as native:
  	Found an intrinsic not supported in managed code
d:\thesis\opencv_modify\install\include\opencv2\core\ptr.inl.hpp(72): warning C4793: 'cv::detail::PtrOwner::decRef': function compiled as native:
  	Found an intrinsic not supported in managed code
d:\thesis\opencv_modify\install\include\opencv2\core\cvstd.hpp(599): warning C4793: 'cv::String::String': function compiled as native:
  	Found an intrinsic not supported in managed code
d:\thesis\opencv_modify\install\include\opencv2\core\mat.inl.hpp(392): warning C4793: 'cv::Mat::Mat': function compiled as native:
  	Found an intrinsic not supported in managed code
d:\thesis\opencv_modify\install\include\opencv2\core\mat.inl.hpp(681): warning C4793: 'cv::Mat::release': function compiled as native:
  	Found an intrinsic not supported in managed code
d:\thesis\opencv_modify\install\include\opencv2\core\mat.inl.hpp(1872): warning C4793: 'cv::SparseMat::addref': function compiled as native:
  	Found an intrinsic not supported in managed code
d:\thesis\opencv_modify\install\include\opencv2\core\mat.inl.hpp(3473): warning C4793: 'cv::UMat::addref': function compiled as native:
  	Found an intrinsic not supported in managed code
d:\thesis\opencv_modify\install\include\opencv2\core\ptr.inl.hpp(67): warning C4793: 'cv::detail::PtrOwner::incRef': function compiled as native:
  	Found an intrinsic not supported in managed code
d:\thesis\opencv_modify\install\include\opencv2\core\ptr.inl.hpp(72): warning C4793: 'cv::detail::PtrOwner::decRef': function compiled as native:
  	Found an intrinsic not supported in managed code
  .NETFramework,Version=v4.5.2.AssemblyAttributes.cpp
  OpenCV_JP.vcxproj -> D:\Thesis\Chu_viet_tay\Code\OpenCV_Features\x64\Release\OpenCV_JP.exe
  OpenCV_JP.vcxproj -> D:\Thesis\Chu_viet_tay\Code\OpenCV_Features\x64\Release\OpenCV_JP.pdb (Full PDB)
