d:\thesis\chu_viet_tay\code\opencv_jp\x64\release\vc140.pdb
d:\thesis\chu_viet_tay\code\opencv_jp\x64\release\shortestpath.obj
d:\thesis\chu_viet_tay\code\opencv_jp\x64\release\segmentation.obj
d:\thesis\chu_viet_tay\code\opencv_jp\x64\release\projection.obj
d:\thesis\chu_viet_tay\code\opencv_jp\x64\release\preprocess.obj
d:\thesis\chu_viet_tay\code\opencv_jp\x64\release\obstructing.obj
d:\thesis\chu_viet_tay\code\opencv_jp\x64\release\noise.obj
d:\thesis\chu_viet_tay\code\opencv_jp\x64\release\matmodifies.obj
d:\thesis\chu_viet_tay\code\opencv_jp\x64\release\frmsegmentation.obj
d:\thesis\chu_viet_tay\code\opencv_jp\x64\release\frmpreprocessing.obj
d:\thesis\chu_viet_tay\code\opencv_jp\x64\release\frmextractfeatures.obj
d:\thesis\chu_viet_tay\code\opencv_jp\x64\release\extent.obj
d:\thesis\chu_viet_tay\code\opencv_jp\x64\release\element.obj
d:\thesis\chu_viet_tay\code\opencv_jp\x64\release\drawdecision.obj
d:\thesis\chu_viet_tay\code\opencv_jp\x64\release\word_up.obj
d:\thesis\chu_viet_tay\code\opencv_jp\x64\release\word_lp.obj
d:\thesis\chu_viet_tay\code\opencv_jp\x64\release\equations.obj
d:\thesis\chu_viet_tay\code\opencv_jp\x64\release\dtw.obj
d:\thesis\chu_viet_tay\code\opencv_jp\x64\release\.netframework,version=v4.5.2.assemblyattributes.obj
d:\thesis\chu_viet_tay\code\opencv_jp\x64\release\.netframework,version=v4.5.2.assemblyattributes.asm
d:\thesis\chu_viet_tay\code\opencv_jp\x64\release\word_profile.obj
d:\thesis\chu_viet_tay\code\opencv_jp\x64\release\frmmain.obj
d:\thesis\chu_viet_tay\code\opencv_jp\x64\release\md5.obj
d:\thesis\chu_viet_tay\code\opencv_jp\x64\release\frmdtw.obj
d:\thesis\chu_viet_tay\code\opencv_jp\x64\release\frmnormalization.obj
d:\thesis\chu_viet_tay\code\opencv_jp\x64\release\normalized.obj
d:\thesis\chu_viet_tay\code\opencv_jp\x64\release\test.obj
d:\thesis\chu_viet_tay\code\opencv_jp\x64\release\opencv_jp.frmextractfeatures.resources
d:\thesis\chu_viet_tay\code\opencv_jp\x64\release\opencv_jp.frmmain.resources
d:\thesis\chu_viet_tay\code\opencv_jp\x64\release\opencv_jp.frmpreprocessing.resources
d:\thesis\chu_viet_tay\code\opencv_jp\x64\release\opencv_jp.frmsegmentation.resources
d:\thesis\chu_viet_tay\code\opencv_jp\x64\release\opencv_jp.frmdtw.resources
d:\thesis\chu_viet_tay\code\opencv_jp\x64\release\opencv_jp.frmnormalization.resources
d:\thesis\chu_viet_tay\code\opencv_jp\x64\release\opencv_jp.res
d:\thesis\chu_viet_tay\code\opencv_jp\x64\release\opencv_jp.vcxproj.generateresource.cache
d:\thesis\chu_viet_tay\code\opencv_jp\x64\release\opencv_jp.vcxprojresolveassemblyreference.cache
d:\thesis\chu_viet_tay\code\opencv_features\x64\release\opencv_jp.pdb
d:\thesis\chu_viet_tay\code\opencv_jp\x64\release\opencv_jp.tlog\cl.command.1.tlog
d:\thesis\chu_viet_tay\code\opencv_jp\x64\release\opencv_jp.tlog\cl.read.1.tlog
d:\thesis\chu_viet_tay\code\opencv_jp\x64\release\opencv_jp.tlog\cl.write.1.tlog
d:\thesis\chu_viet_tay\code\opencv_jp\x64\release\opencv_jp.tlog\link-cvtres.read.1.tlog
d:\thesis\chu_viet_tay\code\opencv_jp\x64\release\opencv_jp.tlog\link-cvtres.write.1.tlog
d:\thesis\chu_viet_tay\code\opencv_jp\x64\release\opencv_jp.tlog\link-rc.read.1.tlog
d:\thesis\chu_viet_tay\code\opencv_jp\x64\release\opencv_jp.tlog\link-rc.write.1.tlog
d:\thesis\chu_viet_tay\code\opencv_jp\x64\release\opencv_jp.tlog\link.command.1.tlog
d:\thesis\chu_viet_tay\code\opencv_jp\x64\release\opencv_jp.tlog\link.read.1.tlog
d:\thesis\chu_viet_tay\code\opencv_jp\x64\release\opencv_jp.tlog\link.write.1.tlog
d:\thesis\chu_viet_tay\code\opencv_jp\x64\release\opencv_jp.tlog\metagen.read.1.tlog
d:\thesis\chu_viet_tay\code\opencv_jp\x64\release\opencv_jp.tlog\metagen.write.1.tlog
d:\thesis\chu_viet_tay\code\opencv_jp\x64\release\opencv_jp.tlog\opencv_jp.write.1u.tlog
d:\thesis\chu_viet_tay\code\opencv_jp\x64\release\opencv_jp.tlog\rc.command.1.tlog
d:\thesis\chu_viet_tay\code\opencv_jp\x64\release\opencv_jp.tlog\rc.read.1.tlog
d:\thesis\chu_viet_tay\code\opencv_jp\x64\release\opencv_jp.tlog\rc.write.1.tlog
d:\thesis\chu_viet_tay\code\opencv_jp\x64\release\opencv_jp.tlog\tzres.dll.bi
