c:\users\thanh\desktop\thesis\thesis\x64\debug\vc140.pdb
c:\users\thanh\desktop\thesis\thesis\x64\debug\.netframework,version=v4.5.2.assemblyattributes.obj
c:\users\thanh\desktop\thesis\thesis\x64\debug\.netframework,version=v4.5.2.assemblyattributes.asm
c:\users\thanh\desktop\thesis\thesis\x64\debug\myform.obj
c:\users\thanh\desktop\thesis\thesis\x64\debug\thesis.vcxprojresolveassemblyreference.cache
c:\users\thanh\desktop\thesis\x64\debug\thesis.pdb
c:\users\thanh\desktop\thesis\thesis\x64\debug\thesis.tlog\cl.command.1.tlog
c:\users\thanh\desktop\thesis\thesis\x64\debug\thesis.tlog\cl.read.1.tlog
c:\users\thanh\desktop\thesis\thesis\x64\debug\thesis.tlog\cl.write.1.tlog
c:\users\thanh\desktop\thesis\thesis\x64\debug\thesis.tlog\link.10084.read.1.tlog
c:\users\thanh\desktop\thesis\thesis\x64\debug\thesis.tlog\link.10084.write.1.tlog
c:\users\thanh\desktop\thesis\thesis\x64\debug\thesis.tlog\link.11232-cvtres.read.1.tlog
c:\users\thanh\desktop\thesis\thesis\x64\debug\thesis.tlog\link.11232-cvtres.write.1.tlog
c:\users\thanh\desktop\thesis\thesis\x64\debug\thesis.tlog\link.11232-rc.read.1.tlog
c:\users\thanh\desktop\thesis\thesis\x64\debug\thesis.tlog\link.11232-rc.write.1.tlog
c:\users\thanh\desktop\thesis\thesis\x64\debug\thesis.tlog\link.11232.read.1.tlog
c:\users\thanh\desktop\thesis\thesis\x64\debug\thesis.tlog\link.11232.write.1.tlog
c:\users\thanh\desktop\thesis\thesis\x64\debug\thesis.tlog\link.12232-cvtres.read.1.tlog
c:\users\thanh\desktop\thesis\thesis\x64\debug\thesis.tlog\link.12232-cvtres.write.1.tlog
c:\users\thanh\desktop\thesis\thesis\x64\debug\thesis.tlog\link.12232-rc.read.1.tlog
c:\users\thanh\desktop\thesis\thesis\x64\debug\thesis.tlog\link.12232-rc.write.1.tlog
c:\users\thanh\desktop\thesis\thesis\x64\debug\thesis.tlog\link.12232.read.1.tlog
c:\users\thanh\desktop\thesis\thesis\x64\debug\thesis.tlog\link.12232.write.1.tlog
c:\users\thanh\desktop\thesis\thesis\x64\debug\thesis.tlog\link.13848-cvtres.read.1.tlog
c:\users\thanh\desktop\thesis\thesis\x64\debug\thesis.tlog\link.13848-cvtres.write.1.tlog
c:\users\thanh\desktop\thesis\thesis\x64\debug\thesis.tlog\link.13848-rc.read.1.tlog
c:\users\thanh\desktop\thesis\thesis\x64\debug\thesis.tlog\link.13848-rc.write.1.tlog
c:\users\thanh\desktop\thesis\thesis\x64\debug\thesis.tlog\link.13848.read.1.tlog
c:\users\thanh\desktop\thesis\thesis\x64\debug\thesis.tlog\link.13848.write.1.tlog
c:\users\thanh\desktop\thesis\thesis\x64\debug\thesis.tlog\link.14904-cvtres.read.1.tlog
c:\users\thanh\desktop\thesis\thesis\x64\debug\thesis.tlog\link.14904-cvtres.write.1.tlog
c:\users\thanh\desktop\thesis\thesis\x64\debug\thesis.tlog\link.14904-rc.read.1.tlog
c:\users\thanh\desktop\thesis\thesis\x64\debug\thesis.tlog\link.14904-rc.write.1.tlog
c:\users\thanh\desktop\thesis\thesis\x64\debug\thesis.tlog\link.14904.read.1.tlog
c:\users\thanh\desktop\thesis\thesis\x64\debug\thesis.tlog\link.14904.write.1.tlog
c:\users\thanh\desktop\thesis\thesis\x64\debug\thesis.tlog\link.4768-cvtres.read.1.tlog
c:\users\thanh\desktop\thesis\thesis\x64\debug\thesis.tlog\link.4768-cvtres.write.1.tlog
c:\users\thanh\desktop\thesis\thesis\x64\debug\thesis.tlog\link.4768-rc.read.1.tlog
c:\users\thanh\desktop\thesis\thesis\x64\debug\thesis.tlog\link.4768-rc.write.1.tlog
c:\users\thanh\desktop\thesis\thesis\x64\debug\thesis.tlog\link.4768.read.1.tlog
c:\users\thanh\desktop\thesis\thesis\x64\debug\thesis.tlog\link.4768.write.1.tlog
c:\users\thanh\desktop\thesis\thesis\x64\debug\thesis.tlog\link.7184-cvtres.read.1.tlog
c:\users\thanh\desktop\thesis\thesis\x64\debug\thesis.tlog\link.7184-cvtres.write.1.tlog
c:\users\thanh\desktop\thesis\thesis\x64\debug\thesis.tlog\link.7184-rc.read.1.tlog
c:\users\thanh\desktop\thesis\thesis\x64\debug\thesis.tlog\link.7184-rc.write.1.tlog
c:\users\thanh\desktop\thesis\thesis\x64\debug\thesis.tlog\link.7184.read.1.tlog
c:\users\thanh\desktop\thesis\thesis\x64\debug\thesis.tlog\link.7184.write.1.tlog
c:\users\thanh\desktop\thesis\thesis\x64\debug\thesis.tlog\link.command.1.tlog
c:\users\thanh\desktop\thesis\thesis\x64\debug\thesis.tlog\link.read.1.tlog
c:\users\thanh\desktop\thesis\thesis\x64\debug\thesis.tlog\link.write.1.tlog
c:\users\thanh\desktop\thesis\thesis\x64\debug\thesis.tlog\metagen.read.1.tlog
c:\users\thanh\desktop\thesis\thesis\x64\debug\thesis.tlog\metagen.write.1.tlog
c:\users\thanh\desktop\thesis\thesis\x64\debug\thesis.tlog\tzres.dll.bi
