d:\thesis\chu_viet_tay\code\opencv_features\opencv_jp\x64\debug\vc140.pdb
d:\thesis\chu_viet_tay\code\opencv_features\opencv_jp\x64\debug\.netframework,version=v4.5.2.assemblyattributes.obj
d:\thesis\chu_viet_tay\code\opencv_features\opencv_jp\x64\debug\.netframework,version=v4.5.2.assemblyattributes.asm
d:\thesis\chu_viet_tay\code\opencv_features\opencv_jp\x64\debug\myform.obj
d:\thesis\chu_viet_tay\code\opencv_features\opencv_jp\x64\debug\opencv_jp.vcxprojresolveassemblyreference.cache
d:\thesis\chu_viet_tay\code\opencv_features\x64\debug\opencv_jp.pdb
d:\thesis\chu_viet_tay\code\opencv_features\opencv_jp\x64\debug\opencv_jp.tlog\cl.command.1.tlog
d:\thesis\chu_viet_tay\code\opencv_features\opencv_jp\x64\debug\opencv_jp.tlog\cl.read.1.tlog
d:\thesis\chu_viet_tay\code\opencv_features\opencv_jp\x64\debug\opencv_jp.tlog\cl.write.1.tlog
d:\thesis\chu_viet_tay\code\opencv_features\opencv_jp\x64\debug\opencv_jp.tlog\link.10008-cvtres.read.1.tlog
d:\thesis\chu_viet_tay\code\opencv_features\opencv_jp\x64\debug\opencv_jp.tlog\link.10008-cvtres.write.1.tlog
d:\thesis\chu_viet_tay\code\opencv_features\opencv_jp\x64\debug\opencv_jp.tlog\link.10008-rc.read.1.tlog
d:\thesis\chu_viet_tay\code\opencv_features\opencv_jp\x64\debug\opencv_jp.tlog\link.10008-rc.write.1.tlog
d:\thesis\chu_viet_tay\code\opencv_features\opencv_jp\x64\debug\opencv_jp.tlog\link.10008.read.1.tlog
d:\thesis\chu_viet_tay\code\opencv_features\opencv_jp\x64\debug\opencv_jp.tlog\link.10008.write.1.tlog
d:\thesis\chu_viet_tay\code\opencv_features\opencv_jp\x64\debug\opencv_jp.tlog\link.1836-cvtres.read.1.tlog
d:\thesis\chu_viet_tay\code\opencv_features\opencv_jp\x64\debug\opencv_jp.tlog\link.1836-cvtres.write.1.tlog
d:\thesis\chu_viet_tay\code\opencv_features\opencv_jp\x64\debug\opencv_jp.tlog\link.1836-rc.read.1.tlog
d:\thesis\chu_viet_tay\code\opencv_features\opencv_jp\x64\debug\opencv_jp.tlog\link.1836-rc.write.1.tlog
d:\thesis\chu_viet_tay\code\opencv_features\opencv_jp\x64\debug\opencv_jp.tlog\link.1836.read.1.tlog
d:\thesis\chu_viet_tay\code\opencv_features\opencv_jp\x64\debug\opencv_jp.tlog\link.1836.write.1.tlog
d:\thesis\chu_viet_tay\code\opencv_features\opencv_jp\x64\debug\opencv_jp.tlog\link.4808-cvtres.read.1.tlog
d:\thesis\chu_viet_tay\code\opencv_features\opencv_jp\x64\debug\opencv_jp.tlog\link.4808-cvtres.write.1.tlog
d:\thesis\chu_viet_tay\code\opencv_features\opencv_jp\x64\debug\opencv_jp.tlog\link.4808-rc.read.1.tlog
d:\thesis\chu_viet_tay\code\opencv_features\opencv_jp\x64\debug\opencv_jp.tlog\link.4808-rc.write.1.tlog
d:\thesis\chu_viet_tay\code\opencv_features\opencv_jp\x64\debug\opencv_jp.tlog\link.4808.read.1.tlog
d:\thesis\chu_viet_tay\code\opencv_features\opencv_jp\x64\debug\opencv_jp.tlog\link.4808.write.1.tlog
d:\thesis\chu_viet_tay\code\opencv_features\opencv_jp\x64\debug\opencv_jp.tlog\link.5760.read.1.tlog
d:\thesis\chu_viet_tay\code\opencv_features\opencv_jp\x64\debug\opencv_jp.tlog\link.5760.write.1.tlog
d:\thesis\chu_viet_tay\code\opencv_features\opencv_jp\x64\debug\opencv_jp.tlog\link.7204.read.1.tlog
d:\thesis\chu_viet_tay\code\opencv_features\opencv_jp\x64\debug\opencv_jp.tlog\link.7204.write.1.tlog
d:\thesis\chu_viet_tay\code\opencv_features\opencv_jp\x64\debug\opencv_jp.tlog\link.7504-cvtres.read.1.tlog
d:\thesis\chu_viet_tay\code\opencv_features\opencv_jp\x64\debug\opencv_jp.tlog\link.7504-cvtres.write.1.tlog
d:\thesis\chu_viet_tay\code\opencv_features\opencv_jp\x64\debug\opencv_jp.tlog\link.7504-rc.read.1.tlog
d:\thesis\chu_viet_tay\code\opencv_features\opencv_jp\x64\debug\opencv_jp.tlog\link.7504-rc.write.1.tlog
d:\thesis\chu_viet_tay\code\opencv_features\opencv_jp\x64\debug\opencv_jp.tlog\link.7504.read.1.tlog
d:\thesis\chu_viet_tay\code\opencv_features\opencv_jp\x64\debug\opencv_jp.tlog\link.7504.write.1.tlog
d:\thesis\chu_viet_tay\code\opencv_features\opencv_jp\x64\debug\opencv_jp.tlog\link.8464-cvtres.read.1.tlog
d:\thesis\chu_viet_tay\code\opencv_features\opencv_jp\x64\debug\opencv_jp.tlog\link.8464-cvtres.write.1.tlog
d:\thesis\chu_viet_tay\code\opencv_features\opencv_jp\x64\debug\opencv_jp.tlog\link.8464-rc.read.1.tlog
d:\thesis\chu_viet_tay\code\opencv_features\opencv_jp\x64\debug\opencv_jp.tlog\link.8464-rc.write.1.tlog
d:\thesis\chu_viet_tay\code\opencv_features\opencv_jp\x64\debug\opencv_jp.tlog\link.8464.read.1.tlog
d:\thesis\chu_viet_tay\code\opencv_features\opencv_jp\x64\debug\opencv_jp.tlog\link.8464.write.1.tlog
d:\thesis\chu_viet_tay\code\opencv_features\opencv_jp\x64\debug\opencv_jp.tlog\link.8496-cvtres.read.1.tlog
d:\thesis\chu_viet_tay\code\opencv_features\opencv_jp\x64\debug\opencv_jp.tlog\link.8496-cvtres.write.1.tlog
d:\thesis\chu_viet_tay\code\opencv_features\opencv_jp\x64\debug\opencv_jp.tlog\link.8496-rc.read.1.tlog
d:\thesis\chu_viet_tay\code\opencv_features\opencv_jp\x64\debug\opencv_jp.tlog\link.8496-rc.write.1.tlog
d:\thesis\chu_viet_tay\code\opencv_features\opencv_jp\x64\debug\opencv_jp.tlog\link.8496.read.1.tlog
d:\thesis\chu_viet_tay\code\opencv_features\opencv_jp\x64\debug\opencv_jp.tlog\link.8496.write.1.tlog
d:\thesis\chu_viet_tay\code\opencv_features\opencv_jp\x64\debug\opencv_jp.tlog\link.8900-cvtres.read.1.tlog
d:\thesis\chu_viet_tay\code\opencv_features\opencv_jp\x64\debug\opencv_jp.tlog\link.8900-cvtres.write.1.tlog
d:\thesis\chu_viet_tay\code\opencv_features\opencv_jp\x64\debug\opencv_jp.tlog\link.8900-rc.read.1.tlog
d:\thesis\chu_viet_tay\code\opencv_features\opencv_jp\x64\debug\opencv_jp.tlog\link.8900-rc.write.1.tlog
d:\thesis\chu_viet_tay\code\opencv_features\opencv_jp\x64\debug\opencv_jp.tlog\link.8900.read.1.tlog
d:\thesis\chu_viet_tay\code\opencv_features\opencv_jp\x64\debug\opencv_jp.tlog\link.8900.write.1.tlog
d:\thesis\chu_viet_tay\code\opencv_features\opencv_jp\x64\debug\opencv_jp.tlog\link.9252-cvtres.read.1.tlog
d:\thesis\chu_viet_tay\code\opencv_features\opencv_jp\x64\debug\opencv_jp.tlog\link.9252-cvtres.write.1.tlog
d:\thesis\chu_viet_tay\code\opencv_features\opencv_jp\x64\debug\opencv_jp.tlog\link.9252-rc.read.1.tlog
d:\thesis\chu_viet_tay\code\opencv_features\opencv_jp\x64\debug\opencv_jp.tlog\link.9252-rc.write.1.tlog
d:\thesis\chu_viet_tay\code\opencv_features\opencv_jp\x64\debug\opencv_jp.tlog\link.9252.read.1.tlog
d:\thesis\chu_viet_tay\code\opencv_features\opencv_jp\x64\debug\opencv_jp.tlog\link.9252.write.1.tlog
d:\thesis\chu_viet_tay\code\opencv_features\opencv_jp\x64\debug\opencv_jp.tlog\link.9848.read.1.tlog
d:\thesis\chu_viet_tay\code\opencv_features\opencv_jp\x64\debug\opencv_jp.tlog\link.9848.write.1.tlog
d:\thesis\chu_viet_tay\code\opencv_features\opencv_jp\x64\debug\opencv_jp.tlog\link.command.1.tlog
d:\thesis\chu_viet_tay\code\opencv_features\opencv_jp\x64\debug\opencv_jp.tlog\link.read.1.tlog
d:\thesis\chu_viet_tay\code\opencv_features\opencv_jp\x64\debug\opencv_jp.tlog\link.write.1.tlog
d:\thesis\chu_viet_tay\code\opencv_features\opencv_jp\x64\debug\opencv_jp.tlog\metagen.read.1.tlog
d:\thesis\chu_viet_tay\code\opencv_features\opencv_jp\x64\debug\opencv_jp.tlog\metagen.write.1.tlog
d:\thesis\chu_viet_tay\code\opencv_features\opencv_jp\x64\debug\opencv_jp.tlog\rsaenh.dll.bi
d:\thesis\chu_viet_tay\code\opencv_features\opencv_jp\x64\debug\opencv_jp.tlog\tzres.dll.bi
