c:\users\thanh\desktop\the_thesis_k21_m2514030\opencv_threshold\opencv_threshold\x64\debug\vc140.pdb
c:\users\thanh\desktop\the_thesis_k21_m2514030\opencv_threshold\opencv_threshold\x64\debug\segmentation.obj
c:\users\thanh\desktop\the_thesis_k21_m2514030\opencv_threshold\opencv_threshold\x64\debug\preprocess.obj
c:\users\thanh\desktop\the_thesis_k21_m2514030\opencv_threshold\opencv_threshold\x64\debug\frmmain.obj
c:\users\thanh\desktop\the_thesis_k21_m2514030\opencv_threshold\opencv_threshold\x64\debug\extent.obj
c:\users\thanh\desktop\the_thesis_k21_m2514030\opencv_threshold\opencv_threshold\x64\debug\element.obj
c:\users\thanh\desktop\the_thesis_k21_m2514030\opencv_threshold\opencv_threshold\x64\debug\.netframework,version=v4.5.2.assemblyattributes.obj
c:\users\thanh\desktop\the_thesis_k21_m2514030\opencv_threshold\opencv_threshold\x64\debug\.netframework,version=v4.5.2.assemblyattributes.asm
c:\users\thanh\desktop\the_thesis_k21_m2514030\opencv_threshold\x64\debug\opencv_threshold.exe
c:\users\thanh\desktop\the_thesis_k21_m2514030\opencv_threshold\x64\debug\opencv_threshold.pdb
c:\users\thanh\desktop\the_thesis_k21_m2514030\opencv_threshold\opencv_threshold\x64\debug\opencv_threshold.frmmain.resources
c:\users\thanh\desktop\the_thesis_k21_m2514030\opencv_threshold\opencv_threshold\x64\debug\opencv_threshold.vcxproj.generateresource.cache
c:\users\thanh\desktop\the_thesis_k21_m2514030\opencv_threshold\opencv_threshold\x64\debug\opencv_threshold.tlog\cl.command.1.tlog
c:\users\thanh\desktop\the_thesis_k21_m2514030\opencv_threshold\opencv_threshold\x64\debug\opencv_threshold.tlog\cl.read.1.tlog
c:\users\thanh\desktop\the_thesis_k21_m2514030\opencv_threshold\opencv_threshold\x64\debug\opencv_threshold.tlog\cl.write.1.tlog
c:\users\thanh\desktop\the_thesis_k21_m2514030\opencv_threshold\opencv_threshold\x64\debug\opencv_threshold.tlog\link.command.1.tlog
c:\users\thanh\desktop\the_thesis_k21_m2514030\opencv_threshold\opencv_threshold\x64\debug\opencv_threshold.tlog\link.read.1.tlog
c:\users\thanh\desktop\the_thesis_k21_m2514030\opencv_threshold\opencv_threshold\x64\debug\opencv_threshold.tlog\link.write.1.tlog
c:\users\thanh\desktop\the_thesis_k21_m2514030\opencv_threshold\opencv_threshold\x64\debug\opencv_threshold.tlog\metagen.read.1.tlog
c:\users\thanh\desktop\the_thesis_k21_m2514030\opencv_threshold\opencv_threshold\x64\debug\opencv_threshold.tlog\metagen.write.1.tlog
c:\users\thanh\desktop\the_thesis_k21_m2514030\opencv_threshold\opencv_threshold\x64\debug\opencv_threshold.tlog\opencv_threshold.write.1u.tlog
c:\users\thanh\desktop\the_thesis_k21_m2514030\opencv_threshold\opencv_threshold\x64\debug\opencv_threshold.tlog\tzres.dll.bi
