  Obstructing.cpp
Obstructing.cpp(165): warning C4554: '&': check operator precedence for possible error; use parentheses to clarify precedence
Obstructing.cpp(166): warning C4554: '&': check operator precedence for possible error; use parentheses to clarify precedence
Obstructing.cpp(170): warning C4554: '&': check operator precedence for possible error; use parentheses to clarify precedence
Obstructing.cpp(171): warning C4554: '&': check operator precedence for possible error; use parentheses to clarify precedence
d:\thesis\opencv_modify\install\include\opencv2\core\cvstd.hpp(599): warning C4793: 'cv::String::String': function compiled as native:
  	Found an intrinsic not supported in managed code
d:\thesis\opencv_modify\install\include\opencv2\core\mat.inl.hpp(392): warning C4793: 'cv::Mat::Mat': function compiled as native:
  	Found an intrinsic not supported in managed code
d:\thesis\opencv_modify\install\include\opencv2\core\mat.inl.hpp(681): warning C4793: 'cv::Mat::release': function compiled as native:
  	Found an intrinsic not supported in managed code
d:\thesis\opencv_modify\install\include\opencv2\core\mat.inl.hpp(1872): warning C4793: 'cv::SparseMat::addref': function compiled as native:
  	Found an intrinsic not supported in managed code
d:\thesis\opencv_modify\install\include\opencv2\core\mat.inl.hpp(3473): warning C4793: 'cv::UMat::addref': function compiled as native:
  	Found an intrinsic not supported in managed code
d:\thesis\opencv_modify\install\include\opencv2\core\ptr.inl.hpp(67): warning C4793: 'cv::detail::PtrOwner::incRef': function compiled as native:
  	Found an intrinsic not supported in managed code
d:\thesis\opencv_modify\install\include\opencv2\core\ptr.inl.hpp(72): warning C4793: 'cv::detail::PtrOwner::decRef': function compiled as native:
  	Found an intrinsic not supported in managed code
  OpenCV_Threshold.vcxproj -> D:\Thesis\Chu_viet_tay\Code\OpenCV_Threshold\x64\Debug\OpenCV_Threshold.exe
